<testsuite errors="0" failures="0" tests="1" skipped="0" name="org.elasticsearch.example.realm.CustomCachingRealmTests" hostname="nohost.nodomain" time="1.981" timestamp="2016-04-08T14:22:20">
   <properties class="java.util.ArrayList">
      <property name="awt.toolkit" value="sun.lwawt.macosx.LWCToolkit"/>
      <property name="es.logger.level" value="ERROR"/>
      <property name="es.logger.prefix" value=""/>
      <property name="es.node.local" value=""/>
      <property name="es.node.mode" value=""/>
      <property name="file.encoding" value="UTF-8"/>
      <property name="file.encoding.pkg" value="sun.io"/>
      <property name="file.separator" value="/"/>
      <property name="ftp.nonProxyHosts" value="local|*.local|169.254/16|*.169.254/16"/>
      <property name="gopherProxySet" value="false"/>
      <property name="haltOnFailure" value=""/>
      <property name="http.nonProxyHosts" value="local|*.local|169.254/16|*.169.254/16"/>
      <property name="java.awt.graphicsenv" value="sun.awt.CGraphicsEnvironment"/>
      <property name="java.awt.headless" value="true"/>
      <property name="java.awt.printerjob" value="sun.lwawt.macosx.CPrinterJob"/>
      <property name="java.class.path" value="/Users/bahaaldine/Dropbox/elastic/plugins/shield/shield-custom-realm-example/target/test-classes:/Users/bahaaldine/Dropbox/elastic/plugins/shield/shield-custom-realm-example/target/classes:/Users/bahaaldine/.m2/repository/org/elasticsearch/elasticsearch/2.3.0/elasticsearch-2.3.0.jar:/Users/bahaaldine/.m2/repository/org/elasticsearch/securesm/1.0/securesm-1.0.jar:/Users/bahaaldine/.m2/repository/org/hdrhistogram/HdrHistogram/2.1.6/HdrHistogram-2.1.6.jar:/Users/bahaaldine/.m2/repository/com/twitter/jsr166e/1.1.0/jsr166e-1.1.0.jar:/Users/bahaaldine/.m2/repository/org/elasticsearch/plugin/shield/2.3.0/shield-2.3.0.jar:/Users/bahaaldine/.m2/repository/dk/brics/automaton/automaton/1.11-8/automaton-1.11-8.jar:/Users/bahaaldine/.m2/repository/com/unboundid/unboundid-ldapsdk/2.3.8/unboundid-ldapsdk-2.3.8.jar:/Users/bahaaldine/.m2/repository/org/hamcrest/hamcrest-all/1.3/hamcrest-all-1.3.jar:/Users/bahaaldine/.m2/repository/org/apache/lucene/lucene-test-framework/5.5.0/lucene-test-framework-5.5.0.jar:/Users/bahaaldine/.m2/repository/org/apache/lucene/lucene-codecs/5.5.0/lucene-codecs-5.5.0.jar:/Users/bahaaldine/.m2/repository/com/carrotsearch/randomizedtesting/randomizedtesting-runner/2.3.2/randomizedtesting-runner-2.3.2.jar:/Users/bahaaldine/.m2/repository/junit/junit/4.11/junit-4.11.jar:/Users/bahaaldine/.m2/repository/org/elasticsearch/elasticsearch/2.3.0/elasticsearch-2.3.0-tests.jar:/Users/bahaaldine/.m2/repository/org/apache/lucene/lucene-core/5.5.0/lucene-core-5.5.0.jar:/Users/bahaaldine/.m2/repository/org/apache/lucene/lucene-backward-codecs/5.5.0/lucene-backward-codecs-5.5.0.jar:/Users/bahaaldine/.m2/repository/org/apache/lucene/lucene-analyzers-common/5.5.0/lucene-analyzers-common-5.5.0.jar:/Users/bahaaldine/.m2/repository/org/apache/lucene/lucene-queries/5.5.0/lucene-queries-5.5.0.jar:/Users/bahaaldine/.m2/repository/org/apache/lucene/lucene-memory/5.5.0/lucene-memory-5.5.0.jar:/Users/bahaaldine/.m2/repository/org/apache/lucene/lucene-highlighter/5.5.0/lucene-highlighter-5.5.0.jar:/Users/bahaaldine/.m2/repository/org/apache/lucene/lucene-queryparser/5.5.0/lucene-queryparser-5.5.0.jar:/Users/bahaaldine/.m2/repository/org/apache/lucene/lucene-sandbox/5.5.0/lucene-sandbox-5.5.0.jar:/Users/bahaaldine/.m2/repository/org/apache/lucene/lucene-suggest/5.5.0/lucene-suggest-5.5.0.jar:/Users/bahaaldine/.m2/repository/org/apache/lucene/lucene-misc/5.5.0/lucene-misc-5.5.0.jar:/Users/bahaaldine/.m2/repository/org/apache/lucene/lucene-join/5.5.0/lucene-join-5.5.0.jar:/Users/bahaaldine/.m2/repository/org/apache/lucene/lucene-grouping/5.5.0/lucene-grouping-5.5.0.jar:/Users/bahaaldine/.m2/repository/org/apache/lucene/lucene-spatial/5.5.0/lucene-spatial-5.5.0.jar:/Users/bahaaldine/.m2/repository/org/apache/lucene/lucene-spatial3d/5.5.0/lucene-spatial3d-5.5.0.jar:/Users/bahaaldine/.m2/repository/com/spatial4j/spatial4j/0.5/spatial4j-0.5.jar:/Users/bahaaldine/.m2/repository/com/vividsolutions/jts/1.13/jts-1.13.jar:/Users/bahaaldine/.m2/repository/com/github/spullara/mustache/java/compiler/0.8.13/compiler-0.8.13.jar:/Users/bahaaldine/.m2/repository/com/google/guava/guava/18.0/guava-18.0.jar:/Users/bahaaldine/.m2/repository/com/carrotsearch/hppc/0.7.1/hppc-0.7.1.jar:/Users/bahaaldine/.m2/repository/joda-time/joda-time/2.8.2/joda-time-2.8.2.jar:/Users/bahaaldine/.m2/repository/org/joda/joda-convert/1.2/joda-convert-1.2.jar:/Users/bahaaldine/.m2/repository/com/fasterxml/jackson/core/jackson-core/2.6.2/jackson-core-2.6.2.jar:/Users/bahaaldine/.m2/repository/com/fasterxml/jackson/dataformat/jackson-dataformat-smile/2.6.2/jackson-dataformat-smile-2.6.2.jar:/Users/bahaaldine/.m2/repository/com/fasterxml/jackson/dataformat/jackson-dataformat-yaml/2.6.2/jackson-dataformat-yaml-2.6.2.jar:/Users/bahaaldine/.m2/repository/org/yaml/snakeyaml/1.15/snakeyaml-1.15.jar:/Users/bahaaldine/.m2/repository/com/fasterxml/jackson/dataformat/jackson-dataformat-cbor/2.6.2/jackson-dataformat-cbor-2.6.2.jar:/Users/bahaaldine/.m2/repository/io/netty/netty/3.10.5.Final/netty-3.10.5.Final.jar:/Users/bahaaldine/.m2/repository/com/ning/compress-lzf/1.0.2/compress-lzf-1.0.2.jar:/Users/bahaaldine/.m2/repository/com/tdunning/t-digest/3.0/t-digest-3.0.jar:/Users/bahaaldine/.m2/repository/commons-cli/commons-cli/1.3.1/commons-cli-1.3.1.jar:/Users/bahaaldine/.m2/repository/log4j/log4j/1.2.17/log4j-1.2.17.jar:/Users/bahaaldine/.m2/repository/log4j/apache-log4j-extras/1.2.17/apache-log4j-extras-1.2.17.jar:/Users/bahaaldine/.m2/repository/org/slf4j/slf4j-api/1.6.2/slf4j-api-1.6.2.jar:/Users/bahaaldine/.m2/repository/net/java/dev/jna/jna/4.1.0/jna-4.1.0.jar:/Users/bahaaldine/.m2/repository/org/apache/httpcomponents/httpclient/4.3.6/httpclient-4.3.6.jar:/Users/bahaaldine/.m2/repository/org/apache/httpcomponents/httpcore/4.3.3/httpcore-4.3.3.jar:/Users/bahaaldine/.m2/repository/commons-logging/commons-logging/1.1.3/commons-logging-1.1.3.jar:/Users/bahaaldine/.m2/repository/commons-codec/commons-codec/1.6/commons-codec-1.6.jar:/Users/bahaaldine/.m2/repository/com/carrotsearch/randomizedtesting/junit4-ant/2.3.2/junit4-ant-2.3.2.jar"/>
      <property name="java.class.version" value="52.0"/>
      <property name="java.endorsed.dirs" value="/Library/Java/JavaVirtualMachines/jdk1.8.0_20.jdk/Contents/Home/jre/lib/endorsed"/>
      <property name="java.ext.dirs" value="/Users/bahaaldine/Library/Java/Extensions:/Library/Java/JavaVirtualMachines/jdk1.8.0_20.jdk/Contents/Home/jre/lib/ext:/Library/Java/Extensions:/Network/Library/Java/Extensions:/System/Library/Java/Extensions:/usr/lib/java"/>
      <property name="java.home" value="/Library/Java/JavaVirtualMachines/jdk1.8.0_20.jdk/Contents/Home/jre"/>
      <property name="java.io.tmpdir" value="./temp"/>
      <property name="java.library.path" value="/Users/bahaaldine/Library/Java/Extensions:/Library/Java/Extensions:/Network/Library/Java/Extensions:/System/Library/Java/Extensions:/usr/lib/java:."/>
      <property name="java.runtime.name" value="Java(TM) SE Runtime Environment"/>
      <property name="java.runtime.version" value="1.8.0_20-b26"/>
      <property name="java.specification.name" value="Java Platform API Specification"/>
      <property name="java.specification.vendor" value="Oracle Corporation"/>
      <property name="java.specification.version" value="1.8"/>
      <property name="java.vendor" value="Oracle Corporation"/>
      <property name="java.vendor.url" value="http://java.oracle.com/"/>
      <property name="java.vendor.url.bug" value="http://bugreport.sun.com/bugreport/"/>
      <property name="java.version" value="1.8.0_20"/>
      <property name="java.vm.info" value="mixed mode"/>
      <property name="java.vm.name" value="Java HotSpot(TM) 64-Bit Server VM"/>
      <property name="java.vm.specification.name" value="Java Virtual Machine Specification"/>
      <property name="java.vm.specification.vendor" value="Oracle Corporation"/>
      <property name="java.vm.specification.version" value="1.8"/>
      <property name="java.vm.vendor" value="Oracle Corporation"/>
      <property name="java.vm.version" value="25.20-b23"/>
      <property name="jna.nosys" value="true"/>
      <property name="junit4.childvm.count" value="2"/>
      <property name="junit4.childvm.cwd" value="/Users/bahaaldine/Dropbox/elastic/plugins/shield/shield-custom-realm-example/target/J1"/>
      <property name="junit4.childvm.id" value="1"/>
      <property name="junit4.memory.total" value="514850816"/>
      <property name="junit4.pidString" value="23534@t.home"/>
      <property name="junit4.processors" value="4"/>
      <property name="line.separator" value="
"/>
      <property name="os.arch" value="x86_64"/>
      <property name="os.name" value="Mac OS X"/>
      <property name="os.version" value="10.11.1"/>
      <property name="path.separator" value=":"/>
      <property name="socksNonProxyHosts" value="local|*.local|169.254/16|*.169.254/16"/>
      <property name="some.dummy.value" value=""/>
      <property name="sun.arch.data.model" value="64"/>
      <property name="sun.boot.class.path" value="/Library/Java/JavaVirtualMachines/jdk1.8.0_20.jdk/Contents/Home/jre/lib/resources.jar:/Library/Java/JavaVirtualMachines/jdk1.8.0_20.jdk/Contents/Home/jre/lib/rt.jar:/Library/Java/JavaVirtualMachines/jdk1.8.0_20.jdk/Contents/Home/jre/lib/sunrsasign.jar:/Library/Java/JavaVirtualMachines/jdk1.8.0_20.jdk/Contents/Home/jre/lib/jsse.jar:/Library/Java/JavaVirtualMachines/jdk1.8.0_20.jdk/Contents/Home/jre/lib/jce.jar:/Library/Java/JavaVirtualMachines/jdk1.8.0_20.jdk/Contents/Home/jre/lib/charsets.jar:/Library/Java/JavaVirtualMachines/jdk1.8.0_20.jdk/Contents/Home/jre/lib/jfr.jar:/Library/Java/JavaVirtualMachines/jdk1.8.0_20.jdk/Contents/Home/jre/classes"/>
      <property name="sun.boot.library.path" value="/Library/Java/JavaVirtualMachines/jdk1.8.0_20.jdk/Contents/Home/jre/lib"/>
      <property name="sun.cpu.endian" value="little"/>
      <property name="sun.cpu.isalist" value=""/>
      <property name="sun.io.unicode.encoding" value="UnicodeBig"/>
      <property name="sun.java.command" value="com.carrotsearch.ant.tasks.junit4.slave.SlaveMainSafe -eventsfile /Users/bahaaldine/Dropbox/elastic/plugins/shield/shield-custom-realm-example/target/junit4-J1-20160408_142219_681.events @/Users/bahaaldine/Dropbox/elastic/plugins/shield/shield-custom-realm-example/target/junit4-J1-20160408_142219_681.suites -stdin"/>
      <property name="sun.java.launcher" value="SUN_STANDARD"/>
      <property name="sun.jnu.encoding" value="UTF-8"/>
      <property name="sun.management.compiler" value="HotSpot 64-Bit Tiered Compilers"/>
      <property name="sun.os.patch.level" value="unknown"/>
      <property name="tests.appendseed" value=""/>
      <property name="tests.artifact" value="shield-custom-realm-example"/>
      <property name="tests.assertion.disabled" value="false"/>
      <property name="tests.awaitsfix" value=""/>
      <property name="tests.badapples" value=""/>
      <property name="tests.bwc" value=""/>
      <property name="tests.bwc.path" value=""/>
      <property name="tests.bwc.version" value=""/>
      <property name="tests.class" value=""/>
      <property name="tests.client.ratio" value=""/>
      <property name="tests.cluster" value=""/>
      <property name="tests.compatibility" value=""/>
      <property name="tests.config" value=""/>
      <property name="tests.coverage" value=""/>
      <property name="tests.coverage.dir" value="/Users/bahaaldine/Dropbox/elastic/plugins/shield/shield-custom-realm-example/target"/>
      <property name="tests.enable_mock_modules" value=""/>
      <property name="tests.failfast" value=""/>
      <property name="tests.filter" value=""/>
      <property name="tests.heap.size" value="512m"/>
      <property name="tests.iters" value=""/>
      <property name="tests.jvm.argline" value=""/>
      <property name="tests.locale" value="random"/>
      <property name="tests.maven" value="true"/>
      <property name="tests.maxfailures" value=""/>
      <property name="tests.method" value=""/>
      <property name="tests.network" value=""/>
      <property name="tests.nightly" value=""/>
      <property name="tests.prefix" value="tests"/>
      <property name="tests.project" value="org.elasticsearch.plugin:shield-custom-realm-example"/>
      <property name="tests.rest" value=""/>
      <property name="tests.rest.blacklist" value=""/>
      <property name="tests.rest.load_packaged" value=""/>
      <property name="tests.rest.spec" value=""/>
      <property name="tests.rest.suite" value=""/>
      <property name="tests.security.manager" value="true"/>
      <property name="tests.seed" value="5C1ABF948CFCFE6D"/>
      <property name="tests.showSuccess" value=""/>
      <property name="tests.thirdparty" value=""/>
      <property name="tests.timeoutSuite" value=""/>
      <property name="tests.timezone" value="random"/>
      <property name="tests.verbose" value="false"/>
      <property name="tests.version" value="2.3.0"/>
      <property name="tests.weekly" value=""/>
      <property name="user.country" value="FR"/>
      <property name="user.dir" value="/Users/bahaaldine/Dropbox/elastic/plugins/shield/shield-custom-realm-example/target/J1"/>
      <property name="user.home" value="/Users/bahaaldine"/>
      <property name="user.language" value="fr"/>
      <property name="user.name" value="bahaaldine"/>
      <property name="user.timezone" value="Europe/Paris"/>
   </properties>
   <testcase classname="org.elasticsearch.example.realm.CustomCachingRealmTests" name="testAuthenticateWithCachedValue" time="0.33"/>
   <system-out><![CDATA[]]></system-out>
   <system-err><![CDATA[]]></system-err>
</testsuite>