<?xml version="1.0" encoding="UTF-8"?>

<project name="junit4-maven-synthetic" default="__default__">
  <!--Define JUnit4 task and data types.-->
  <taskdef resource="com/carrotsearch/junit4/antlib.xml">
    <classpath>
      <pathelement location="/Users/bahaaldine/.m2/repository/com/carrotsearch/randomizedtesting/junit4-ant/2.3.2/junit4-ant-2.3.2.jar"/>
    </classpath>
    <classpath>
      <pathelement location="/Users/bahaaldine/.m2/repository/junit/junit/4.11/junit-4.11.jar"/>
      <pathelement location="/Users/bahaaldine/.m2/repository/org/hamcrest/hamcrest-core/1.3/hamcrest-core-1.3.jar"/>
    </classpath>
  </taskdef>
  <!--Invoke JUnit4 task.-->
  <target name="__default__">
    <junit4 dir="/Users/bahaaldine/Dropbox/elastic/plugins/shield/shield-custom-realm-example/target" tempDir="/Users/bahaaldine/Dropbox/elastic/plugins/shield/shield-custom-realm-example/target" parallelism="auto" seed="" jvm="/Library/Java/JavaVirtualMachines/jdk1.8.0_20.jdk/Contents/Home/jre/bin/java" jvmOutputAction="warn" heartbeat="10" ifNoTests="fail" shuffleOnSlave="true" printSummary="true" isolateWorkingDirectories="true" haltOnFailure="true" leaveTemporary="true" dynamicAssignmentRatio="0.25" sysouts="false" uniqueSuiteNames="true">
      <jvmarg value="-Xmx512m"/>
      <jvmarg value="-Xms512m"/>
      <jvmarg value="-Dsome.dummy.value="/>
      <jvmarg value="-XX:MaxDirectMemorySize=512m"/>
      <jvmarg value="-Des.logger.prefix="/>
      <jvmarg value="-XX:+HeapDumpOnOutOfMemoryError"/>
      <jvmarg value="-XX:HeapDumpPath=/Users/bahaaldine/Dropbox/elastic/plugins/shield/shield-custom-realm-example/target/heapdump/"/>
      <sysproperty key="es.logger.level" value="ERROR"/>
      <sysproperty key="es.node.local" value=""/>
      <sysproperty key="es.node.mode" value=""/>
      <sysproperty key="haltOnFailure" value=""/>
      <sysproperty key="java.awt.headless" value="true"/>
      <sysproperty key="java.io.tmpdir" value="./temp"/>
      <sysproperty key="jna.nosys" value="true"/>
      <sysproperty key="tests.appendseed" value=""/>
      <sysproperty key="tests.artifact" value="shield-custom-realm-example"/>
      <sysproperty key="tests.assertion.disabled" value="false"/>
      <sysproperty key="tests.awaitsfix" value=""/>
      <sysproperty key="tests.badapples" value=""/>
      <sysproperty key="tests.bwc" value=""/>
      <sysproperty key="tests.bwc.path" value=""/>
      <sysproperty key="tests.bwc.version" value=""/>
      <sysproperty key="tests.class" value=""/>
      <sysproperty key="tests.client.ratio" value=""/>
      <sysproperty key="tests.cluster" value=""/>
      <sysproperty key="tests.compatibility" value=""/>
      <sysproperty key="tests.config" value=""/>
      <sysproperty key="tests.coverage" value=""/>
      <sysproperty key="tests.coverage.dir" value="/Users/bahaaldine/Dropbox/elastic/plugins/shield/shield-custom-realm-example/target"/>
      <sysproperty key="tests.enable_mock_modules" value=""/>
      <sysproperty key="tests.failfast" value=""/>
      <sysproperty key="tests.filter" value=""/>
      <sysproperty key="tests.heap.size" value="512m"/>
      <sysproperty key="tests.iters" value=""/>
      <sysproperty key="tests.jvm.argline" value=""/>
      <sysproperty key="tests.locale" value="random"/>
      <sysproperty key="tests.maven" value="true"/>
      <sysproperty key="tests.maxfailures" value=""/>
      <sysproperty key="tests.method" value=""/>
      <sysproperty key="tests.network" value=""/>
      <sysproperty key="tests.nightly" value=""/>
      <sysproperty key="tests.project" value="org.elasticsearch.plugin:shield-custom-realm-example"/>
      <sysproperty key="tests.rest" value=""/>
      <sysproperty key="tests.rest.blacklist" value=""/>
      <sysproperty key="tests.rest.load_packaged" value=""/>
      <sysproperty key="tests.rest.spec" value=""/>
      <sysproperty key="tests.rest.suite" value=""/>
      <sysproperty key="tests.security.manager" value="true"/>
      <sysproperty key="tests.showSuccess" value=""/>
      <sysproperty key="tests.thirdparty" value=""/>
      <sysproperty key="tests.timeoutSuite" value=""/>
      <sysproperty key="tests.timezone" value="random"/>
      <sysproperty key="tests.verbose" value="false"/>
      <sysproperty key="tests.version" value="2.3.0"/>
      <sysproperty key="tests.weekly" value=""/>
      <!--Test classes search paths and patterns.-->
      <fileset dir="/Users/bahaaldine/Dropbox/elastic/plugins/shield/shield-custom-realm-example/target/test-classes" erroronmissingdir="false">
        <patternset>
          <include name="**/*Tests.class"/>
          <exclude name="**/*$*.class"/>
        </patternset>
      </fileset>
      <!--Runtime classpath.-->
      <classpath>
        <!--Test classes directory.-->
        <pathelement location="/Users/bahaaldine/Dropbox/elastic/plugins/shield/shield-custom-realm-example/target/test-classes"/>
        <!--Test classes directory.-->
        <pathelement location="/Users/bahaaldine/Dropbox/elastic/plugins/shield/shield-custom-realm-example/target/classes"/>
        <!--Project dependencies.-->
        <!--Dependency artifact: org.elasticsearch:elasticsearch:jar:2.3.0-->
        <pathelement location="/Users/bahaaldine/.m2/repository/org/elasticsearch/elasticsearch/2.3.0/elasticsearch-2.3.0.jar"/>
        <!--Dependency artifact: org.elasticsearch:securesm:jar:1.0-->
        <pathelement location="/Users/bahaaldine/.m2/repository/org/elasticsearch/securesm/1.0/securesm-1.0.jar"/>
        <!--Dependency artifact: org.hdrhistogram:HdrHistogram:jar:2.1.6-->
        <pathelement location="/Users/bahaaldine/.m2/repository/org/hdrhistogram/HdrHistogram/2.1.6/HdrHistogram-2.1.6.jar"/>
        <!--Dependency artifact: com.twitter:jsr166e:jar:1.1.0-->
        <pathelement location="/Users/bahaaldine/.m2/repository/com/twitter/jsr166e/1.1.0/jsr166e-1.1.0.jar"/>
        <!--Dependency artifact: org.elasticsearch.plugin:shield:jar:2.3.0-->
        <pathelement location="/Users/bahaaldine/.m2/repository/org/elasticsearch/plugin/shield/2.3.0/shield-2.3.0.jar"/>
        <!--Dependency artifact: dk.brics.automaton:automaton:jar:1.11-8-->
        <pathelement location="/Users/bahaaldine/.m2/repository/dk/brics/automaton/automaton/1.11-8/automaton-1.11-8.jar"/>
        <!--Dependency artifact: com.unboundid:unboundid-ldapsdk:jar:2.3.8-->
        <pathelement location="/Users/bahaaldine/.m2/repository/com/unboundid/unboundid-ldapsdk/2.3.8/unboundid-ldapsdk-2.3.8.jar"/>
        <!--Dependency artifact: org.hamcrest:hamcrest-all:jar:1.3-->
        <pathelement location="/Users/bahaaldine/.m2/repository/org/hamcrest/hamcrest-all/1.3/hamcrest-all-1.3.jar"/>
        <!--Dependency artifact: org.apache.lucene:lucene-test-framework:jar:5.5.0-->
        <pathelement location="/Users/bahaaldine/.m2/repository/org/apache/lucene/lucene-test-framework/5.5.0/lucene-test-framework-5.5.0.jar"/>
        <!--Dependency artifact: org.apache.lucene:lucene-codecs:jar:5.5.0-->
        <pathelement location="/Users/bahaaldine/.m2/repository/org/apache/lucene/lucene-codecs/5.5.0/lucene-codecs-5.5.0.jar"/>
        <!--Dependency artifact: com.carrotsearch.randomizedtesting:randomizedtesting-runner:jar:2.3.2-->
        <pathelement location="/Users/bahaaldine/.m2/repository/com/carrotsearch/randomizedtesting/randomizedtesting-runner/2.3.2/randomizedtesting-runner-2.3.2.jar"/>
        <!--Dependency artifact: junit:junit:jar:4.11-->
        <pathelement location="/Users/bahaaldine/.m2/repository/junit/junit/4.11/junit-4.11.jar"/>
        <!--Dependency artifact: org.elasticsearch:elasticsearch:test-jar:tests:2.3.0-->
        <pathelement location="/Users/bahaaldine/.m2/repository/org/elasticsearch/elasticsearch/2.3.0/elasticsearch-2.3.0-tests.jar"/>
        <!--Dependency artifact: org.apache.lucene:lucene-core:jar:5.5.0-->
        <pathelement location="/Users/bahaaldine/.m2/repository/org/apache/lucene/lucene-core/5.5.0/lucene-core-5.5.0.jar"/>
        <!--Dependency artifact: org.apache.lucene:lucene-backward-codecs:jar:5.5.0-->
        <pathelement location="/Users/bahaaldine/.m2/repository/org/apache/lucene/lucene-backward-codecs/5.5.0/lucene-backward-codecs-5.5.0.jar"/>
        <!--Dependency artifact: org.apache.lucene:lucene-analyzers-common:jar:5.5.0-->
        <pathelement location="/Users/bahaaldine/.m2/repository/org/apache/lucene/lucene-analyzers-common/5.5.0/lucene-analyzers-common-5.5.0.jar"/>
        <!--Dependency artifact: org.apache.lucene:lucene-queries:jar:5.5.0-->
        <pathelement location="/Users/bahaaldine/.m2/repository/org/apache/lucene/lucene-queries/5.5.0/lucene-queries-5.5.0.jar"/>
        <!--Dependency artifact: org.apache.lucene:lucene-memory:jar:5.5.0-->
        <pathelement location="/Users/bahaaldine/.m2/repository/org/apache/lucene/lucene-memory/5.5.0/lucene-memory-5.5.0.jar"/>
        <!--Dependency artifact: org.apache.lucene:lucene-highlighter:jar:5.5.0-->
        <pathelement location="/Users/bahaaldine/.m2/repository/org/apache/lucene/lucene-highlighter/5.5.0/lucene-highlighter-5.5.0.jar"/>
        <!--Dependency artifact: org.apache.lucene:lucene-queryparser:jar:5.5.0-->
        <pathelement location="/Users/bahaaldine/.m2/repository/org/apache/lucene/lucene-queryparser/5.5.0/lucene-queryparser-5.5.0.jar"/>
        <!--Dependency artifact: org.apache.lucene:lucene-sandbox:jar:5.5.0-->
        <pathelement location="/Users/bahaaldine/.m2/repository/org/apache/lucene/lucene-sandbox/5.5.0/lucene-sandbox-5.5.0.jar"/>
        <!--Dependency artifact: org.apache.lucene:lucene-suggest:jar:5.5.0-->
        <pathelement location="/Users/bahaaldine/.m2/repository/org/apache/lucene/lucene-suggest/5.5.0/lucene-suggest-5.5.0.jar"/>
        <!--Dependency artifact: org.apache.lucene:lucene-misc:jar:5.5.0-->
        <pathelement location="/Users/bahaaldine/.m2/repository/org/apache/lucene/lucene-misc/5.5.0/lucene-misc-5.5.0.jar"/>
        <!--Dependency artifact: org.apache.lucene:lucene-join:jar:5.5.0-->
        <pathelement location="/Users/bahaaldine/.m2/repository/org/apache/lucene/lucene-join/5.5.0/lucene-join-5.5.0.jar"/>
        <!--Dependency artifact: org.apache.lucene:lucene-grouping:jar:5.5.0-->
        <pathelement location="/Users/bahaaldine/.m2/repository/org/apache/lucene/lucene-grouping/5.5.0/lucene-grouping-5.5.0.jar"/>
        <!--Dependency artifact: org.apache.lucene:lucene-spatial:jar:5.5.0-->
        <pathelement location="/Users/bahaaldine/.m2/repository/org/apache/lucene/lucene-spatial/5.5.0/lucene-spatial-5.5.0.jar"/>
        <!--Dependency artifact: org.apache.lucene:lucene-spatial3d:jar:5.5.0-->
        <pathelement location="/Users/bahaaldine/.m2/repository/org/apache/lucene/lucene-spatial3d/5.5.0/lucene-spatial3d-5.5.0.jar"/>
        <!--Dependency artifact: com.spatial4j:spatial4j:jar:0.5-->
        <pathelement location="/Users/bahaaldine/.m2/repository/com/spatial4j/spatial4j/0.5/spatial4j-0.5.jar"/>
        <!--Dependency artifact: com.vividsolutions:jts:jar:1.13-->
        <pathelement location="/Users/bahaaldine/.m2/repository/com/vividsolutions/jts/1.13/jts-1.13.jar"/>
        <!--Dependency artifact: com.github.spullara.mustache.java:compiler:jar:0.8.13-->
        <pathelement location="/Users/bahaaldine/.m2/repository/com/github/spullara/mustache/java/compiler/0.8.13/compiler-0.8.13.jar"/>
        <!--Dependency artifact: com.google.guava:guava:jar:18.0-->
        <pathelement location="/Users/bahaaldine/.m2/repository/com/google/guava/guava/18.0/guava-18.0.jar"/>
        <!--Dependency artifact: com.carrotsearch:hppc:jar:0.7.1-->
        <pathelement location="/Users/bahaaldine/.m2/repository/com/carrotsearch/hppc/0.7.1/hppc-0.7.1.jar"/>
        <!--Dependency artifact: joda-time:joda-time:jar:2.8.2-->
        <pathelement location="/Users/bahaaldine/.m2/repository/joda-time/joda-time/2.8.2/joda-time-2.8.2.jar"/>
        <!--Dependency artifact: org.joda:joda-convert:jar:1.2-->
        <pathelement location="/Users/bahaaldine/.m2/repository/org/joda/joda-convert/1.2/joda-convert-1.2.jar"/>
        <!--Dependency artifact: com.fasterxml.jackson.core:jackson-core:jar:2.6.2-->
        <pathelement location="/Users/bahaaldine/.m2/repository/com/fasterxml/jackson/core/jackson-core/2.6.2/jackson-core-2.6.2.jar"/>
        <!--Dependency artifact: com.fasterxml.jackson.dataformat:jackson-dataformat-smile:jar:2.6.2-->
        <pathelement location="/Users/bahaaldine/.m2/repository/com/fasterxml/jackson/dataformat/jackson-dataformat-smile/2.6.2/jackson-dataformat-smile-2.6.2.jar"/>
        <!--Dependency artifact: com.fasterxml.jackson.dataformat:jackson-dataformat-yaml:jar:2.6.2-->
        <pathelement location="/Users/bahaaldine/.m2/repository/com/fasterxml/jackson/dataformat/jackson-dataformat-yaml/2.6.2/jackson-dataformat-yaml-2.6.2.jar"/>
        <!--Dependency artifact: org.yaml:snakeyaml:jar:1.15-->
        <pathelement location="/Users/bahaaldine/.m2/repository/org/yaml/snakeyaml/1.15/snakeyaml-1.15.jar"/>
        <!--Dependency artifact: com.fasterxml.jackson.dataformat:jackson-dataformat-cbor:jar:2.6.2-->
        <pathelement location="/Users/bahaaldine/.m2/repository/com/fasterxml/jackson/dataformat/jackson-dataformat-cbor/2.6.2/jackson-dataformat-cbor-2.6.2.jar"/>
        <!--Dependency artifact: io.netty:netty:jar:3.10.5.Final-->
        <pathelement location="/Users/bahaaldine/.m2/repository/io/netty/netty/3.10.5.Final/netty-3.10.5.Final.jar"/>
        <!--Dependency artifact: com.ning:compress-lzf:jar:1.0.2-->
        <pathelement location="/Users/bahaaldine/.m2/repository/com/ning/compress-lzf/1.0.2/compress-lzf-1.0.2.jar"/>
        <!--Dependency artifact: com.tdunning:t-digest:jar:3.0-->
        <pathelement location="/Users/bahaaldine/.m2/repository/com/tdunning/t-digest/3.0/t-digest-3.0.jar"/>
        <!--Dependency artifact: commons-cli:commons-cli:jar:1.3.1-->
        <pathelement location="/Users/bahaaldine/.m2/repository/commons-cli/commons-cli/1.3.1/commons-cli-1.3.1.jar"/>
        <!--Dependency artifact: log4j:log4j:jar:1.2.17-->
        <pathelement location="/Users/bahaaldine/.m2/repository/log4j/log4j/1.2.17/log4j-1.2.17.jar"/>
        <!--Dependency artifact: log4j:apache-log4j-extras:jar:1.2.17-->
        <pathelement location="/Users/bahaaldine/.m2/repository/log4j/apache-log4j-extras/1.2.17/apache-log4j-extras-1.2.17.jar"/>
        <!--Dependency artifact: org.slf4j:slf4j-api:jar:1.6.2-->
        <pathelement location="/Users/bahaaldine/.m2/repository/org/slf4j/slf4j-api/1.6.2/slf4j-api-1.6.2.jar"/>
        <!--Dependency artifact: net.java.dev.jna:jna:jar:4.1.0-->
        <pathelement location="/Users/bahaaldine/.m2/repository/net/java/dev/jna/jna/4.1.0/jna-4.1.0.jar"/>
        <!--Dependency artifact: org.apache.httpcomponents:httpclient:jar:4.3.6-->
        <pathelement location="/Users/bahaaldine/.m2/repository/org/apache/httpcomponents/httpclient/4.3.6/httpclient-4.3.6.jar"/>
        <!--Dependency artifact: org.apache.httpcomponents:httpcore:jar:4.3.3-->
        <pathelement location="/Users/bahaaldine/.m2/repository/org/apache/httpcomponents/httpcore/4.3.3/httpcore-4.3.3.jar"/>
        <!--Dependency artifact: commons-logging:commons-logging:jar:1.1.3-->
        <pathelement location="/Users/bahaaldine/.m2/repository/commons-logging/commons-logging/1.1.3/commons-logging-1.1.3.jar"/>
        <!--Dependency artifact: commons-codec:commons-codec:jar:1.6-->
        <pathelement location="/Users/bahaaldine/.m2/repository/commons-codec/commons-codec/1.6/commons-codec-1.6.jar"/>
        <!--Additional classpath elements.-->
      </classpath>
      <listeners> 
        <report-ant-xml mavenExtensions="true" dir="/Users/bahaaldine/Dropbox/elastic/plugins/shield/shield-custom-realm-example/target/surefire-reports"/>  
        <report-execution-times file="/Users/bahaaldine/Dropbox/elastic/plugins/shield/shield-custom-realm-example/.local-2.3.0-execution-hints.log" historyLength="20"/>  
        <report-text showStatusError="true" showStatusFailure="true" showOutput="onerror" timestamps="false" showNumFailures="30" showSuiteSummary="true" showStackTraces="true" showStatusOk="false" showStatusIgnored="true" showThrowable="true"> 
          <filtertrace> 
            <containsstring contains=".SlaveMain."/>  
            <containsregex pattern="^(\s+at )(org\.junit\.)"/>  
            <containsregex pattern="^(\s+at )(com\.carrotsearch\.randomizedtesting.RandomizedRunner)"/>  
            <containsregex pattern="^(\s+at )(com\.carrotsearch\.randomizedtesting.ThreadLeakControl)"/>  
            <containsregex pattern="^(\s+at )(com\.carrotsearch\.randomizedtesting.rules\.)"/>  
            <containsregex pattern="^(\s+at )(org\.apache\.lucene.util\.TestRule)"/>  
            <containsregex pattern="^(\s+at )(org\.apache\.lucene.util\.AbstractBeforeAfterRule)"/> 
          </filtertrace> 
        </report-text> 
      </listeners>
      <assertions enableSystemAssertions="false"> 
        <enable/>  
        <disable package="false"/> 
      </assertions>
      <balancers> 
        <execution-times> 
          <fileset includes=".local-2.3.0-execution-hints.log" dir="/Users/bahaaldine/Dropbox/elastic/plugins/shield/shield-custom-realm-example"/> 
        </execution-times> 
      </balancers>
    </junit4>
  </target>
</project>
